ERROR - 2025-02-09 12:02:01 --> Error connecting to the database: mysqli_sql_exception: Access denied for user ''@'localhost' (using password: NO) in D:\Project\usm-ktma-new\system\Database\MySQLi\Connection.php:184
Stack trace:
#0 D:\Project\usm-ktma-new\system\Database\MySQLi\Connection.php(184): mysqli->real_connect('localhost', '', Object(SensitiveParameterValue), '', 3306, '', 0)
#1 D:\Project\usm-ktma-new\system\Database\BaseConnection.php(392): CodeIgniter\Database\MySQLi\Connection->connect(false)
#2 D:\Project\usm-ktma-new\system\Database\BaseConnection.php(575): CodeIgniter\Database\BaseConnection->initialize()
#3 D:\Project\usm-ktma-new\system\Database\BaseConnection.php(1410): CodeIgniter\Database\BaseConnection->query('SHOW TABLES FRO...')
#4 D:\Project\usm-ktma-new\system\Database\BaseConnection.php(1429): CodeIgniter\Database\BaseConnection->listTables()
#5 D:\Project\usm-ktma-new\system\Database\MigrationRunner.php(764): CodeIgniter\Database\BaseConnection->tableExists('migrations')
#6 D:\Project\usm-ktma-new\system\Database\MigrationRunner.php(168): CodeIgniter\Database\MigrationRunner->ensureTable()
#7 D:\Project\usm-ktma-new\system\Commands\Database\Migrate.php(84): CodeIgniter\Database\MigrationRunner->latest(NULL)
#8 D:\Project\usm-ktma-new\system\CLI\Commands.php(65): CodeIgniter\Commands\Database\Migrate->run(Array)
#9 D:\Project\usm-ktma-new\system\CLI\Console.php(46): CodeIgniter\CLI\Commands->run('migrate', Array)
#10 D:\Project\usm-ktma-new\spark(102): CodeIgniter\CLI\Console->run()
#11 {main}

Next CodeIgniter\Database\Exceptions\DatabaseException: Access denied for user ''@'localhost' (using password: NO) in D:\Project\usm-ktma-new\system\Database\MySQLi\Connection.php:229
Stack trace:
#0 D:\Project\usm-ktma-new\system\Database\BaseConnection.php(392): CodeIgniter\Database\MySQLi\Connection->connect(false)
#1 D:\Project\usm-ktma-new\system\Database\BaseConnection.php(575): CodeIgniter\Database\BaseConnection->initialize()
#2 D:\Project\usm-ktma-new\system\Database\BaseConnection.php(1410): CodeIgniter\Database\BaseConnection->query('SHOW TABLES FRO...')
#3 D:\Project\usm-ktma-new\system\Database\BaseConnection.php(1429): CodeIgniter\Database\BaseConnection->listTables()
#4 D:\Project\usm-ktma-new\system\Database\MigrationRunner.php(764): CodeIgniter\Database\BaseConnection->tableExists('migrations')
#5 D:\Project\usm-ktma-new\system\Database\MigrationRunner.php(168): CodeIgniter\Database\MigrationRunner->ensureTable()
#6 D:\Project\usm-ktma-new\system\Commands\Database\Migrate.php(84): CodeIgniter\Database\MigrationRunner->latest(NULL)
#7 D:\Project\usm-ktma-new\system\CLI\Commands.php(65): CodeIgniter\Commands\Database\Migrate->run(Array)
#8 D:\Project\usm-ktma-new\system\CLI\Console.php(46): CodeIgniter\CLI\Commands->run('migrate', Array)
#9 D:\Project\usm-ktma-new\spark(102): CodeIgniter\CLI\Console->run()
#10 {main}
ERROR - 2025-02-09 12:03:32 --> Error connecting to the database: mysqli_sql_exception: Access denied for user ''@'localhost' (using password: NO) in D:\Project\usm-ktma-new\system\Database\MySQLi\Connection.php:184
Stack trace:
#0 D:\Project\usm-ktma-new\system\Database\MySQLi\Connection.php(184): mysqli->real_connect('localhost', '', Object(SensitiveParameterValue), '', 3306, '', 0)
#1 D:\Project\usm-ktma-new\system\Database\BaseConnection.php(392): CodeIgniter\Database\MySQLi\Connection->connect(false)
#2 D:\Project\usm-ktma-new\system\Database\BaseConnection.php(575): CodeIgniter\Database\BaseConnection->initialize()
#3 D:\Project\usm-ktma-new\system\Database\BaseConnection.php(1410): CodeIgniter\Database\BaseConnection->query('SHOW TABLES FRO...')
#4 D:\Project\usm-ktma-new\system\Database\BaseConnection.php(1429): CodeIgniter\Database\BaseConnection->listTables()
#5 D:\Project\usm-ktma-new\system\Database\MigrationRunner.php(764): CodeIgniter\Database\BaseConnection->tableExists('migrations')
#6 D:\Project\usm-ktma-new\system\Database\MigrationRunner.php(168): CodeIgniter\Database\MigrationRunner->ensureTable()
#7 D:\Project\usm-ktma-new\system\Commands\Database\Migrate.php(84): CodeIgniter\Database\MigrationRunner->latest(NULL)
#8 D:\Project\usm-ktma-new\system\CLI\Commands.php(65): CodeIgniter\Commands\Database\Migrate->run(Array)
#9 D:\Project\usm-ktma-new\system\CLI\Console.php(46): CodeIgniter\CLI\Commands->run('migrate', Array)
#10 D:\Project\usm-ktma-new\spark(102): CodeIgniter\CLI\Console->run()
#11 {main}

Next CodeIgniter\Database\Exceptions\DatabaseException: Access denied for user ''@'localhost' (using password: NO) in D:\Project\usm-ktma-new\system\Database\MySQLi\Connection.php:229
Stack trace:
#0 D:\Project\usm-ktma-new\system\Database\BaseConnection.php(392): CodeIgniter\Database\MySQLi\Connection->connect(false)
#1 D:\Project\usm-ktma-new\system\Database\BaseConnection.php(575): CodeIgniter\Database\BaseConnection->initialize()
#2 D:\Project\usm-ktma-new\system\Database\BaseConnection.php(1410): CodeIgniter\Database\BaseConnection->query('SHOW TABLES FRO...')
#3 D:\Project\usm-ktma-new\system\Database\BaseConnection.php(1429): CodeIgniter\Database\BaseConnection->listTables()
#4 D:\Project\usm-ktma-new\system\Database\MigrationRunner.php(764): CodeIgniter\Database\BaseConnection->tableExists('migrations')
#5 D:\Project\usm-ktma-new\system\Database\MigrationRunner.php(168): CodeIgniter\Database\MigrationRunner->ensureTable()
#6 D:\Project\usm-ktma-new\system\Commands\Database\Migrate.php(84): CodeIgniter\Database\MigrationRunner->latest(NULL)
#7 D:\Project\usm-ktma-new\system\CLI\Commands.php(65): CodeIgniter\Commands\Database\Migrate->run(Array)
#8 D:\Project\usm-ktma-new\system\CLI\Console.php(46): CodeIgniter\CLI\Commands->run('migrate', Array)
#9 D:\Project\usm-ktma-new\spark(102): CodeIgniter\CLI\Console->run()
#10 {main}
ERROR - 2025-02-09 12:04:31 --> mysqli_sql_exception: Table 'users' already exists in D:\Project\usm-ktma-new\system\Database\MySQLi\Connection.php:306
Stack trace:
#0 D:\Project\usm-ktma-new\system\Database\MySQLi\Connection.php(306): mysqli->query('CREATE TABLE `u...', 0)
#1 D:\Project\usm-ktma-new\system\Database\BaseConnection.php(693): CodeIgniter\Database\MySQLi\Connection->execute('CREATE TABLE `u...')
#2 D:\Project\usm-ktma-new\system\Database\BaseConnection.php(607): CodeIgniter\Database\BaseConnection->simpleQuery('CREATE TABLE `u...')
#3 D:\Project\usm-ktma-new\system\Database\Forge.php(546): CodeIgniter\Database\BaseConnection->query('CREATE TABLE `u...')
#4 D:\Project\usm-ktma-new\app\Database\Migrations\2025-02-09-120058_CreateUsersTable.php(21): CodeIgniter\Database\Forge->createTable('users')
#5 D:\Project\usm-ktma-new\system\Database\MigrationRunner.php(873): App\Database\Migrations\CreateUsersTable->up()
#6 D:\Project\usm-ktma-new\system\Database\MigrationRunner.php(188): CodeIgniter\Database\MigrationRunner->migrate('up', Object(stdClass))
#7 D:\Project\usm-ktma-new\system\Commands\Database\Migrate.php(84): CodeIgniter\Database\MigrationRunner->latest(NULL)
#8 D:\Project\usm-ktma-new\system\CLI\Commands.php(65): CodeIgniter\Commands\Database\Migrate->run(Array)
#9 D:\Project\usm-ktma-new\system\CLI\Console.php(46): CodeIgniter\CLI\Commands->run('migrate', Array)
#10 D:\Project\usm-ktma-new\spark(102): CodeIgniter\CLI\Console->run()
#11 {main}
ERROR - 2025-02-09 15:35:57 --> mysqli_sql_exception: Table 'usm_ktma.ktama' doesn't exist in D:\Project\usm-ktma-new\system\Database\MySQLi\Connection.php:306
Stack trace:
#0 D:\Project\usm-ktma-new\system\Database\MySQLi\Connection.php(306): mysqli->query('SELECT *\nFROM `...', 0)
#1 D:\Project\usm-ktma-new\system\Database\BaseConnection.php(693): CodeIgniter\Database\MySQLi\Connection->execute('SELECT *\nFROM `...')
#2 D:\Project\usm-ktma-new\system\Database\BaseConnection.php(607): CodeIgniter\Database\BaseConnection->simpleQuery('SELECT *\nFROM `...')
#3 D:\Project\usm-ktma-new\system\Database\BaseBuilder.php(1615): CodeIgniter\Database\BaseConnection->query('SELECT *\nFROM `...', Array, false)
#4 D:\Project\usm-ktma-new\system\Model.php(237): CodeIgniter\Database\BaseBuilder->get()
#5 D:\Project\usm-ktma-new\system\BaseModel.php(624): CodeIgniter\Model->doFindAll(0, 0)
#6 D:\Project\usm-ktma-new\app\Controllers\Ktam.php(19): CodeIgniter\BaseModel->findAll()
#7 D:\Project\usm-ktma-new\system\CodeIgniter.php(942): App\Controllers\Ktam->getData()
#8 D:\Project\usm-ktma-new\system\CodeIgniter.php(502): CodeIgniter\CodeIgniter->runController(Object(App\Controllers\Ktam))
#9 D:\Project\usm-ktma-new\system\CodeIgniter.php(361): CodeIgniter\CodeIgniter->handleRequest(NULL, Object(Config\Cache), false)
#10 D:\Project\usm-ktma-new\public\index.php(79): CodeIgniter\CodeIgniter->run()
#11 D:\Project\usm-ktma-new\system\Commands\Server\rewrite.php(47): require_once('D:\\Project\\usm-...')
#12 {main}
CRITICAL - 2025-02-09 15:35:57 --> Table 'usm_ktma.ktama' doesn't exist
in SYSTEMPATH\Database\BaseConnection.php on line 647.
 1 SYSTEMPATH\Database\BaseBuilder.php(1615): CodeIgniter\Database\BaseConnection->query('SELECT *
FROM `ktama`', [], false)
 2 SYSTEMPATH\Model.php(237): CodeIgniter\Database\BaseBuilder->get()
 3 SYSTEMPATH\BaseModel.php(624): CodeIgniter\Model->doFindAll(0, 0)
 4 APPPATH\Controllers\Ktam.php(19): CodeIgniter\BaseModel->findAll()
 5 SYSTEMPATH\CodeIgniter.php(942): App\Controllers\Ktam->getData()
 6 SYSTEMPATH\CodeIgniter.php(502): CodeIgniter\CodeIgniter->runController(Object(App\Controllers\Ktam))
 7 SYSTEMPATH\CodeIgniter.php(361): CodeIgniter\CodeIgniter->handleRequest(null, Object(Config\Cache), false)
 8 FCPATH\index.php(79): CodeIgniter\CodeIgniter->run()
 9 SYSTEMPATH\Commands\Server\rewrite.php(47): require_once('D:\\Project\\usm-ktma-new\\public\\index.php')
ERROR - 2025-02-09 16:46:03 --> mysqli_sql_exception: Column 'nik' cannot be null in D:\Project\usm-ktma-new\system\Database\MySQLi\Connection.php:306
Stack trace:
#0 D:\Project\usm-ktma-new\system\Database\MySQLi\Connection.php(306): mysqli->query('INSERT INTO `kt...', 0)
#1 D:\Project\usm-ktma-new\system\Database\BaseConnection.php(693): CodeIgniter\Database\MySQLi\Connection->execute('INSERT INTO `kt...')
#2 D:\Project\usm-ktma-new\system\Database\BaseConnection.php(607): CodeIgniter\Database\BaseConnection->simpleQuery('INSERT INTO `kt...')
#3 D:\Project\usm-ktma-new\system\Database\BaseBuilder.php(2308): CodeIgniter\Database\BaseConnection->query('INSERT INTO `kt...', Array, false)
#4 D:\Project\usm-ktma-new\system\Model.php(319): CodeIgniter\Database\BaseBuilder->insert()
#5 D:\Project\usm-ktma-new\system\BaseModel.php(788): CodeIgniter\Model->doInsert(Array)
#6 D:\Project\usm-ktma-new\system\Model.php(715): CodeIgniter\BaseModel->insert(Array, true)
#7 D:\Project\usm-ktma-new\app\Controllers\FormKtam.php(18): CodeIgniter\Model->insert(Array)
#8 D:\Project\usm-ktma-new\system\CodeIgniter.php(942): App\Controllers\FormKtam->store()
#9 D:\Project\usm-ktma-new\system\CodeIgniter.php(502): CodeIgniter\CodeIgniter->runController(Object(App\Controllers\FormKtam))
#10 D:\Project\usm-ktma-new\system\CodeIgniter.php(361): CodeIgniter\CodeIgniter->handleRequest(NULL, Object(Config\Cache), false)
#11 D:\Project\usm-ktma-new\public\index.php(79): CodeIgniter\CodeIgniter->run()
#12 D:\Project\usm-ktma-new\system\Commands\Server\rewrite.php(47): require_once('D:\\Project\\usm-...')
#13 {main}
CRITICAL - 2025-02-09 16:46:03 --> Column 'nik' cannot be null
in SYSTEMPATH\Database\BaseConnection.php on line 647.
 1 SYSTEMPATH\Database\BaseBuilder.php(2308): CodeIgniter\Database\BaseConnection->query('INSERT INTO `ktam` (`nik`, `nama_lengkap`, `tempat_lahir`, `tanggal_lahir`) VALUES (:nik:, :nama_lengkap:, :tempat_lahir:, :tanggal_lahir:)', [...], false)
 2 SYSTEMPATH\Model.php(319): CodeIgniter\Database\BaseBuilder->insert()
 3 SYSTEMPATH\BaseModel.php(788): CodeIgniter\Model->doInsert([...])
 4 SYSTEMPATH\Model.php(715): CodeIgniter\BaseModel->insert([...], true)
 5 APPPATH\Controllers\FormKtam.php(18): CodeIgniter\Model->insert([...])
 6 SYSTEMPATH\CodeIgniter.php(942): App\Controllers\FormKtam->store()
 7 SYSTEMPATH\CodeIgniter.php(502): CodeIgniter\CodeIgniter->runController(Object(App\Controllers\FormKtam))
 8 SYSTEMPATH\CodeIgniter.php(361): CodeIgniter\CodeIgniter->handleRequest(null, Object(Config\Cache), false)
 9 FCPATH\index.php(79): CodeIgniter\CodeIgniter->run()
10 SYSTEMPATH\Commands\Server\rewrite.php(47): require_once('D:\\Project\\usm-ktma-new\\public\\index.php')
CRITICAL - 2025-02-09 17:13:49 --> Undefined variable $daerahList
in APPPATH\Views\form_ktam.php on line 74.
 1 APPPATH\Views\form_ktam.php(74): CodeIgniter\Debug\Exceptions->errorHandler(2, 'Undefined variable $daerahList', 'D:\\Project\\usm-ktma-new\\app\\Views\\form_ktam.php', 74)
 2 SYSTEMPATH\View\View.php(228): include('D:\\Project\\usm-ktma-new\\app\\Views\\form_ktam.php')
 3 SYSTEMPATH\View\View.php(231): CodeIgniter\View\View->CodeIgniter\View\{closure}()
 4 SYSTEMPATH\Common.php(1190): CodeIgniter\View\View->render('form_ktam', [], true)
 5 APPPATH\Controllers\FormKtam.php(11): view('form_ktam')
 6 SYSTEMPATH\CodeIgniter.php(942): App\Controllers\FormKtam->index()
 7 SYSTEMPATH\CodeIgniter.php(502): CodeIgniter\CodeIgniter->runController(Object(App\Controllers\FormKtam))
 8 SYSTEMPATH\CodeIgniter.php(361): CodeIgniter\CodeIgniter->handleRequest(null, Object(Config\Cache), false)
 9 FCPATH\index.php(79): CodeIgniter\CodeIgniter->run()
10 SYSTEMPATH\Commands\Server\rewrite.php(47): require_once('D:\\Project\\usm-ktma-new\\public\\index.php')
CRITICAL - 2025-02-09 17:15:46 --> Undefined variable $daerahList
in APPPATH\Views\form_ktam.php on line 74.
 1 APPPATH\Views\form_ktam.php(74): CodeIgniter\Debug\Exceptions->errorHandler(2, 'Undefined variable $daerahList', 'D:\\Project\\usm-ktma-new\\app\\Views\\form_ktam.php', 74)
 2 SYSTEMPATH\View\View.php(228): include('D:\\Project\\usm-ktma-new\\app\\Views\\form_ktam.php')
 3 SYSTEMPATH\View\View.php(231): CodeIgniter\View\View->CodeIgniter\View\{closure}()
 4 SYSTEMPATH\Common.php(1190): CodeIgniter\View\View->render('form_ktam', [], true)
 5 APPPATH\Controllers\FormKtam.php(12): view('form_ktam')
 6 SYSTEMPATH\CodeIgniter.php(942): App\Controllers\FormKtam->index()
 7 SYSTEMPATH\CodeIgniter.php(502): CodeIgniter\CodeIgniter->runController(Object(App\Controllers\FormKtam))
 8 SYSTEMPATH\CodeIgniter.php(361): CodeIgniter\CodeIgniter->handleRequest(null, Object(Config\Cache), false)
 9 FCPATH\index.php(79): CodeIgniter\CodeIgniter->run()
10 SYSTEMPATH\Commands\Server\rewrite.php(47): require_once('D:\\Project\\usm-ktma-new\\public\\index.php')
INFO - 2025-02-09 17:16:24 --> Session: Class initialized using 'CodeIgniter\Session\Handlers\FileHandler' driver.
CRITICAL - 2025-02-09 17:16:24 --> Undefined variable $daerahList
in APPPATH\Views\form_ktam.php on line 74.
 1 APPPATH\Views\form_ktam.php(74): CodeIgniter\Debug\Exceptions->errorHandler(2, 'Undefined variable $daerahList', 'D:\\Project\\usm-ktma-new\\app\\Views\\form_ktam.php', 74)
 2 SYSTEMPATH\View\View.php(228): include('D:\\Project\\usm-ktma-new\\app\\Views\\form_ktam.php')
 3 SYSTEMPATH\View\View.php(231): CodeIgniter\View\View->CodeIgniter\View\{closure}()
 4 SYSTEMPATH\Common.php(1190): CodeIgniter\View\View->render('form_ktam', [], true)
 5 APPPATH\Controllers\FormKtam.php(12): view('form_ktam')
 6 SYSTEMPATH\CodeIgniter.php(942): App\Controllers\FormKtam->index()
 7 SYSTEMPATH\CodeIgniter.php(502): CodeIgniter\CodeIgniter->runController(Object(App\Controllers\FormKtam))
 8 SYSTEMPATH\CodeIgniter.php(361): CodeIgniter\CodeIgniter->handleRequest(null, Object(Config\Cache), false)
 9 FCPATH\index.php(79): CodeIgniter\CodeIgniter->run()
10 SYSTEMPATH\Commands\Server\rewrite.php(47): require_once('D:\\Project\\usm-ktma-new\\public\\index.php')
INFO - 2025-02-09 17:19:11 --> Session: Class initialized using 'CodeIgniter\Session\Handlers\FileHandler' driver.
CRITICAL - 2025-02-09 17:19:11 --> Undefined variable $daerahList
in APPPATH\Views\form_ktam.php on line 74.
 1 APPPATH\Views\form_ktam.php(74): CodeIgniter\Debug\Exceptions->errorHandler(2, 'Undefined variable $daerahList', 'D:\\Project\\usm-ktma-new\\app\\Views\\form_ktam.php', 74)
 2 SYSTEMPATH\View\View.php(228): include('D:\\Project\\usm-ktma-new\\app\\Views\\form_ktam.php')
 3 SYSTEMPATH\View\View.php(231): CodeIgniter\View\View->CodeIgniter\View\{closure}()
 4 SYSTEMPATH\Common.php(1190): CodeIgniter\View\View->render('form_ktam', [], true)
 5 APPPATH\Controllers\FormKtam.php(12): view('form_ktam')
 6 SYSTEMPATH\CodeIgniter.php(942): App\Controllers\FormKtam->index()
 7 SYSTEMPATH\CodeIgniter.php(502): CodeIgniter\CodeIgniter->runController(Object(App\Controllers\FormKtam))
 8 SYSTEMPATH\CodeIgniter.php(361): CodeIgniter\CodeIgniter->handleRequest(null, Object(Config\Cache), false)
 9 FCPATH\index.php(79): CodeIgniter\CodeIgniter->run()
10 SYSTEMPATH\Commands\Server\rewrite.php(47): require_once('D:\\Project\\usm-ktma-new\\public\\index.php')
INFO - 2025-02-09 17:23:10 --> Session: Class initialized using 'CodeIgniter\Session\Handlers\FileHandler' driver.
INFO - 2025-02-09 17:29:24 --> Session: Class initialized using 'CodeIgniter\Session\Handlers\FileHandler' driver.
INFO - 2025-02-09 17:29:38 --> Session: Class initialized using 'CodeIgniter\Session\Handlers\FileHandler' driver.
INFO - 2025-02-09 17:37:59 --> Session: Class initialized using 'CodeIgniter\Session\Handlers\FileHandler' driver.
INFO - 2025-02-09 18:26:15 --> Session: Class initialized using 'CodeIgniter\Session\Handlers\FileHandler' driver.
INFO - 2025-02-09 18:33:37 --> Session: Class initialized using 'CodeIgniter\Session\Handlers\FileHandler' driver.
INFO - 2025-02-09 18:34:25 --> Session: Class initialized using 'CodeIgniter\Session\Handlers\FileHandler' driver.
INFO - 2025-02-09 18:35:00 --> Session: Class initialized using 'CodeIgniter\Session\Handlers\FileHandler' driver.
INFO - 2025-02-09 18:43:07 --> Session: Class initialized using 'CodeIgniter\Session\Handlers\FileHandler' driver.
INFO - 2025-02-09 18:54:38 --> Session: Class initialized using 'CodeIgniter\Session\Handlers\FileHandler' driver.
INFO - 2025-02-09 19:26:50 --> Session: Class initialized using 'CodeIgniter\Session\Handlers\FileHandler' driver.
INFO - 2025-02-09 19:33:38 --> Session: Class initialized using 'CodeIgniter\Session\Handlers\FileHandler' driver.
INFO - 2025-02-09 19:35:16 --> Session: Class initialized using 'CodeIgniter\Session\Handlers\FileHandler' driver.
INFO - 2025-02-09 19:37:25 --> Session: Class initialized using 'CodeIgniter\Session\Handlers\FileHandler' driver.
INFO - 2025-02-09 19:39:05 --> Session: Class initialized using 'CodeIgniter\Session\Handlers\FileHandler' driver.
INFO - 2025-02-09 19:39:24 --> Session: Class initialized using 'CodeIgniter\Session\Handlers\FileHandler' driver.
INFO - 2025-02-09 19:39:57 --> Session: Class initialized using 'CodeIgniter\Session\Handlers\FileHandler' driver.
INFO - 2025-02-09 20:37:44 --> Session: Class initialized using 'CodeIgniter\Session\Handlers\FileHandler' driver.
INFO - 2025-02-09 20:40:13 --> Session: Class initialized using 'CodeIgniter\Session\Handlers\FileHandler' driver.
INFO - 2025-02-09 20:40:19 --> Session: Class initialized using 'CodeIgniter\Session\Handlers\FileHandler' driver.
INFO - 2025-02-09 20:41:57 --> Session: Class initialized using 'CodeIgniter\Session\Handlers\FileHandler' driver.
INFO - 2025-02-09 20:53:05 --> Session: Class initialized using 'CodeIgniter\Session\Handlers\FileHandler' driver.
INFO - 2025-02-09 20:53:08 --> Session: Class initialized using 'CodeIgniter\Session\Handlers\FileHandler' driver.
INFO - 2025-02-09 20:56:34 --> Session: Class initialized using 'CodeIgniter\Session\Handlers\FileHandler' driver.
CRITICAL - 2025-02-09 20:59:44 --> Undefined variable $data
in APPPATH\Controllers\FormKtam.php on line 81.
 1 APPPATH\Controllers\FormKtam.php(81): CodeIgniter\Debug\Exceptions->errorHandler(2, 'Undefined variable $data', 'D:\\Project\\usm-ktma-new\\app\\Controllers\\FormKtam.php', 81)
 2 SYSTEMPATH\CodeIgniter.php(942): App\Controllers\FormKtam->store()
 3 SYSTEMPATH\CodeIgniter.php(502): CodeIgniter\CodeIgniter->runController(Object(App\Controllers\FormKtam))
 4 SYSTEMPATH\CodeIgniter.php(361): CodeIgniter\CodeIgniter->handleRequest(null, Object(Config\Cache), false)
 5 FCPATH\index.php(79): CodeIgniter\CodeIgniter->run()
 6 SYSTEMPATH\Commands\Server\rewrite.php(47): require_once('D:\\Project\\usm-ktma-new\\public\\index.php')
INFO - 2025-02-09 21:00:40 --> Session: Class initialized using 'CodeIgniter\Session\Handlers\FileHandler' driver.
INFO - 2025-02-09 21:01:43 --> Session: Class initialized using 'CodeIgniter\Session\Handlers\FileHandler' driver.
ERROR - 2025-02-09 21:02:05 --> mysqli_sql_exception: Column 'nik' cannot be null in D:\Project\usm-ktma-new\system\Database\MySQLi\Connection.php:306
Stack trace:
#0 D:\Project\usm-ktma-new\system\Database\MySQLi\Connection.php(306): mysqli->query('INSERT INTO `kt...', 0)
#1 D:\Project\usm-ktma-new\system\Database\BaseConnection.php(693): CodeIgniter\Database\MySQLi\Connection->execute('INSERT INTO `kt...')
#2 D:\Project\usm-ktma-new\system\Database\BaseConnection.php(607): CodeIgniter\Database\BaseConnection->simpleQuery('INSERT INTO `kt...')
#3 D:\Project\usm-ktma-new\system\Database\BaseBuilder.php(2308): CodeIgniter\Database\BaseConnection->query('INSERT INTO `kt...', Array, false)
#4 D:\Project\usm-ktma-new\system\Model.php(319): CodeIgniter\Database\BaseBuilder->insert()
#5 D:\Project\usm-ktma-new\system\BaseModel.php(788): CodeIgniter\Model->doInsert(Array)
#6 D:\Project\usm-ktma-new\system\Model.php(715): CodeIgniter\BaseModel->insert(Array, true)
#7 D:\Project\usm-ktma-new\app\Controllers\FormKtam.php(81): CodeIgniter\Model->insert(Array)
#8 D:\Project\usm-ktma-new\system\CodeIgniter.php(942): App\Controllers\FormKtam->store()
#9 D:\Project\usm-ktma-new\system\CodeIgniter.php(502): CodeIgniter\CodeIgniter->runController(Object(App\Controllers\FormKtam))
#10 D:\Project\usm-ktma-new\system\CodeIgniter.php(361): CodeIgniter\CodeIgniter->handleRequest(NULL, Object(Config\Cache), false)
#11 D:\Project\usm-ktma-new\public\index.php(79): CodeIgniter\CodeIgniter->run()
#12 D:\Project\usm-ktma-new\system\Commands\Server\rewrite.php(47): require_once('D:\\Project\\usm-...')
#13 {main}
CRITICAL - 2025-02-09 21:02:05 --> Column 'nik' cannot be null
in SYSTEMPATH\Database\BaseConnection.php on line 647.
 1 SYSTEMPATH\Database\BaseBuilder.php(2308): CodeIgniter\Database\BaseConnection->query('INSERT INTO `ktam` (`nik`, `nama_lengkap`, `gelar_depan`, `gelar_belakang`, `tempat_lahir`, `tanggal_lahir`, `jenis_kelamin`, `status_perkawinan`, `alamat`, `provinsi`, `kota`, `kecamatan`, `kelurahan`, `kode_pos`, `daerah`, `cabang`, `email`, `nomor_hp`, `profesi`, `profesi_lainnya`, `pekerjaan`, `tempat_kerja`, `pendidikan_terakhir`, `riwayat_sd`, `riwayat_smp`, `riwayat_sma`, `riwayat_diploma`, `riwayat_s1`, `riwayat_s2`, `riwayat_s3`, `pernah_belajar_ponpes`, `bahasa_indonesia`, `bahasa_arab`, `bahasa_inggris`, `bahasa_lainnya`, `organisasi_lain`) VALUES (:nik:, :nama_lengkap:, :gelar_depan:, :gelar_belakang:, :tempat_lahir:, :tanggal_lahir:, :jenis_kelamin:, :status_perkawinan:, :alamat:, :provinsi:, :kota:, :kecamatan:, :kelurahan:, :kode_pos:, :daerah:, :cabang:, :email:, :nomor_hp:, :profesi:, :profesi_lainnya:, :pekerjaan:, :tempat_kerja:, :pendidikan_terakhir:, :riwayat_sd:, :riwayat_smp:, :riwayat_sma:, :riwayat_diploma:, :riwayat_s1:, :riwayat_s2:, :riwayat_s3:, :pernah_belajar_ponpes:, :bahasa_indonesia:, :bahasa_arab:, :bahasa_inggris:, :bahasa_lainnya:, :organisasi_lain:)', [...], false)
 2 SYSTEMPATH\Model.php(319): CodeIgniter\Database\BaseBuilder->insert()
 3 SYSTEMPATH\BaseModel.php(788): CodeIgniter\Model->doInsert([...])
 4 SYSTEMPATH\Model.php(715): CodeIgniter\BaseModel->insert([...], true)
 5 APPPATH\Controllers\FormKtam.php(81): CodeIgniter\Model->insert([...])
 6 SYSTEMPATH\CodeIgniter.php(942): App\Controllers\FormKtam->store()
 7 SYSTEMPATH\CodeIgniter.php(502): CodeIgniter\CodeIgniter->runController(Object(App\Controllers\FormKtam))
 8 SYSTEMPATH\CodeIgniter.php(361): CodeIgniter\CodeIgniter->handleRequest(null, Object(Config\Cache), false)
 9 FCPATH\index.php(79): CodeIgniter\CodeIgniter->run()
10 SYSTEMPATH\Commands\Server\rewrite.php(47): require_once('D:\\Project\\usm-ktma-new\\public\\index.php')
INFO - 2025-02-09 21:04:04 --> Session: Class initialized using 'CodeIgniter\Session\Handlers\FileHandler' driver.
CRITICAL - 2025-02-09 21:04:56 --> Attempt to read property "insert_id" on bool
in SYSTEMPATH\Database\MySQLi\Connection.php on line 588.
 1 SYSTEMPATH\Database\MySQLi\Connection.php(588): CodeIgniter\Debug\Exceptions->errorHandler(2, 'Attempt to read property "insert_id" on bool', 'D:\\Project\\usm-ktma-new\\system\\Database\\MySQLi\\Connection.php', 588)
 2 SYSTEMPATH\Model.php(867): CodeIgniter\Database\MySQLi\Connection->insertID()
 3 APPPATH\Controllers\FormKtam.php(82): CodeIgniter\Model->__call('insertID', [])
 4 SYSTEMPATH\CodeIgniter.php(942): App\Controllers\FormKtam->store()
 5 SYSTEMPATH\CodeIgniter.php(502): CodeIgniter\CodeIgniter->runController(Object(App\Controllers\FormKtam))
 6 SYSTEMPATH\CodeIgniter.php(361): CodeIgniter\CodeIgniter->handleRequest(null, Object(Config\Cache), false)
 7 FCPATH\index.php(79): CodeIgniter\CodeIgniter->run()
 8 SYSTEMPATH\Commands\Server\rewrite.php(47): require_once('D:\\Project\\usm-ktma-new\\public\\index.php')
INFO - 2025-02-09 21:05:38 --> Session: Class initialized using 'CodeIgniter\Session\Handlers\FileHandler' driver.
INFO - 2025-02-09 21:07:51 --> Session: Class initialized using 'CodeIgniter\Session\Handlers\FileHandler' driver.
INFO - 2025-02-09 21:11:30 --> Session: Class initialized using 'CodeIgniter\Session\Handlers\FileHandler' driver.
INFO - 2025-02-09 21:13:57 --> Session: Class initialized using 'CodeIgniter\Session\Handlers\FileHandler' driver.
INFO - 2025-02-09 21:19:11 --> Session: Class initialized using 'CodeIgniter\Session\Handlers\FileHandler' driver.
CRITICAL - 2025-02-09 21:20:20 --> Cannot declare class App\Models\OrganisasiModel, because the name is already in use
in APPPATH\Models\OrganisasiAnggotaModel.php on line 6.
 1 [internal function]: CodeIgniter\Debug\Exceptions->shutdownHandler()
INFO - 2025-02-09 21:20:56 --> Session: Class initialized using 'CodeIgniter\Session\Handlers\FileHandler' driver.
INFO - 2025-02-09 21:27:24 --> Session: Class initialized using 'CodeIgniter\Session\Handlers\FileHandler' driver.
CRITICAL - 2025-02-09 21:37:07 --> Undefined variable $pengalamanModel
in APPPATH\Controllers\FormKtam.php on line 130.
 1 APPPATH\Controllers\FormKtam.php(130): CodeIgniter\Debug\Exceptions->errorHandler(2, 'Undefined variable $pengalamanModel', 'D:\\Project\\usm-ktma-new\\app\\Controllers\\FormKtam.php', 130)
 2 SYSTEMPATH\CodeIgniter.php(942): App\Controllers\FormKtam->store()
 3 SYSTEMPATH\CodeIgniter.php(502): CodeIgniter\CodeIgniter->runController(Object(App\Controllers\FormKtam))
 4 SYSTEMPATH\CodeIgniter.php(361): CodeIgniter\CodeIgniter->handleRequest(null, Object(Config\Cache), false)
 5 FCPATH\index.php(79): CodeIgniter\CodeIgniter->run()
 6 SYSTEMPATH\Commands\Server\rewrite.php(47): require_once('D:\\Project\\usm-ktma-new\\public\\index.php')
INFO - 2025-02-09 21:45:45 --> Session: Class initialized using 'CodeIgniter\Session\Handlers\FileHandler' driver.
INFO - 2025-02-09 21:49:13 --> Session: Class initialized using 'CodeIgniter\Session\Handlers\FileHandler' driver.
INFO - 2025-02-09 21:49:59 --> Session: Class initialized using 'CodeIgniter\Session\Handlers\FileHandler' driver.
INFO - 2025-02-09 21:53:10 --> Session: Class initialized using 'CodeIgniter\Session\Handlers\FileHandler' driver.
ERROR - 2025-02-09 21:55:03 --> mysqli_sql_exception: Duplicate entry '1000239' for key 'PRIMARY' in D:\Project\usm-ktma-new\system\Database\MySQLi\Connection.php:306
Stack trace:
#0 D:\Project\usm-ktma-new\system\Database\MySQLi\Connection.php(306): mysqli->query('INSERT INTO `kt...', 0)
#1 D:\Project\usm-ktma-new\system\Database\BaseConnection.php(693): CodeIgniter\Database\MySQLi\Connection->execute('INSERT INTO `kt...')
#2 D:\Project\usm-ktma-new\system\Database\BaseConnection.php(607): CodeIgniter\Database\BaseConnection->simpleQuery('INSERT INTO `kt...')
#3 D:\Project\usm-ktma-new\system\Database\BaseBuilder.php(2308): CodeIgniter\Database\BaseConnection->query('INSERT INTO `kt...', Array, false)
#4 D:\Project\usm-ktma-new\system\Model.php(319): CodeIgniter\Database\BaseBuilder->insert()
#5 D:\Project\usm-ktma-new\system\BaseModel.php(788): CodeIgniter\Model->doInsert(Array)
#6 D:\Project\usm-ktma-new\system\Model.php(715): CodeIgniter\BaseModel->insert(Array, true)
#7 D:\Project\usm-ktma-new\app\Controllers\FormKtam.php(81): CodeIgniter\Model->insert(Array)
#8 D:\Project\usm-ktma-new\system\CodeIgniter.php(942): App\Controllers\FormKtam->store()
#9 D:\Project\usm-ktma-new\system\CodeIgniter.php(502): CodeIgniter\CodeIgniter->runController(Object(App\Controllers\FormKtam))
#10 D:\Project\usm-ktma-new\system\CodeIgniter.php(361): CodeIgniter\CodeIgniter->handleRequest(NULL, Object(Config\Cache), false)
#11 D:\Project\usm-ktma-new\public\index.php(79): CodeIgniter\CodeIgniter->run()
#12 D:\Project\usm-ktma-new\system\Commands\Server\rewrite.php(47): require_once('D:\\Project\\usm-...')
#13 {main}
CRITICAL - 2025-02-09 21:55:03 --> Duplicate entry '1000239' for key 'PRIMARY'
in SYSTEMPATH\Database\BaseConnection.php on line 647.
 1 SYSTEMPATH\Database\BaseBuilder.php(2308): CodeIgniter\Database\BaseConnection->query('INSERT INTO `ktam` (`nik`, `nama_lengkap`, `gelar_depan`, `gelar_belakang`, `tempat_lahir`, `tanggal_lahir`, `jenis_kelamin`, `status_perkawinan`, `alamat`, `provinsi`, `kota`, `kecamatan`, `kelurahan`, `kode_pos`, `daerah`, `cabang`, `email`, `nomor_hp`, `profesi`, `profesi_lainnya`, `pekerjaan`, `tempat_kerja`, `pendidikan_terakhir`, `riwayat_sd`, `riwayat_smp`, `riwayat_sma`, `riwayat_diploma`, `riwayat_s1`, `riwayat_s2`, `riwayat_s3`, `pernah_belajar_ponpes`, `bahasa_indonesia`, `bahasa_arab`, `bahasa_inggris`, `bahasa_lainnya`, `organisasi_lain`) VALUES (:nik:, :nama_lengkap:, :gelar_depan:, :gelar_belakang:, :tempat_lahir:, :tanggal_lahir:, :jenis_kelamin:, :status_perkawinan:, :alamat:, :provinsi:, :kota:, :kecamatan:, :kelurahan:, :kode_pos:, :daerah:, :cabang:, :email:, :nomor_hp:, :profesi:, :profesi_lainnya:, :pekerjaan:, :tempat_kerja:, :pendidikan_terakhir:, :riwayat_sd:, :riwayat_smp:, :riwayat_sma:, :riwayat_diploma:, :riwayat_s1:, :riwayat_s2:, :riwayat_s3:, :pernah_belajar_ponpes:, :bahasa_indonesia:, :bahasa_arab:, :bahasa_inggris:, :bahasa_lainnya:, :organisasi_lain:)', [...], false)
 2 SYSTEMPATH\Model.php(319): CodeIgniter\Database\BaseBuilder->insert()
 3 SYSTEMPATH\BaseModel.php(788): CodeIgniter\Model->doInsert([...])
 4 SYSTEMPATH\Model.php(715): CodeIgniter\BaseModel->insert([...], true)
 5 APPPATH\Controllers\FormKtam.php(81): CodeIgniter\Model->insert([...])
 6 SYSTEMPATH\CodeIgniter.php(942): App\Controllers\FormKtam->store()
 7 SYSTEMPATH\CodeIgniter.php(502): CodeIgniter\CodeIgniter->runController(Object(App\Controllers\FormKtam))
 8 SYSTEMPATH\CodeIgniter.php(361): CodeIgniter\CodeIgniter->handleRequest(null, Object(Config\Cache), false)
 9 FCPATH\index.php(79): CodeIgniter\CodeIgniter->run()
10 SYSTEMPATH\Commands\Server\rewrite.php(47): require_once('D:\\Project\\usm-ktma-new\\public\\index.php')
INFO - 2025-02-09 21:55:17 --> Session: Class initialized using 'CodeIgniter\Session\Handlers\FileHandler' driver.
